#
# There is insufficient memory for the Java Runtime Environment to continue.
# Native memory allocation (mmap) failed to map 134217728 bytes for Failed to commit area from 0x0000000081800000 to 0x0000000089800000 of length 134217728.
# Possible reasons:
#   The system is out of physical RAM or swap space
#   The process is running with CompressedOops enabled, and the Java Heap may be blocking the growth of the native heap
# Possible solutions:
#   Reduce memory load on the system
#   Increase physical memory or swap space
#   Check if swap backing store is full
#   Decrease Java heap size (-Xmx/-Xms)
#   Decrease number of Java threads
#   Decrease Java thread stack sizes (-Xss)
#   Set larger code cache with -XX:ReservedCodeCacheSize=
# This output file may be truncated or incomplete.
#
#  Out of Memory Error (./src/hotspot/os/windows/os_windows.cpp:3619), pid=9032, tid=15572
#
# JRE version:  (11.0.13) (build )
# Java VM: OpenJDK 64-Bit Server VM (11.0.13+0-b1751.21-8125866, mixed mode, sharing, tiered, compressed oops, g1 gc, windows-amd64)
# No core dump will be written. Minidumps are not enabled by default on client versions of Windows
#

---------------  S U M M A R Y ------------

Command Line: -javaagent:C:\Program Files\Android\Android Studio\lib\idea_rt.jar=10459:C:\Program Files\Android\Android Studio\bin -Dfile.encoding=UTF-8 com.example.kotlincoroutines.chapter5.CoroutineContextDemoKt

Host: Intel(R) Core(TM) i5-7200U CPU @ 2.50GHz, 4 cores, 7G,  Windows 10 , 64 bit Build 19041 (10.0.19041.1889)
Time: Tue Sep 27 16:52:23 2022 Egypt Standard Time elapsed time: 0.160896 seconds (0d 0h 0m 0s)

---------------  T H R E A D  ---------------

Current thread (0x00000255fe658800):  JavaThread "Unknown thread" [_thread_in_vm, id=15572, stack(0x000000e9b7e00000,0x000000e9b7f00000)]

Stack: [0x000000e9b7e00000,0x000000e9b7f00000]
Native frames: (J=compiled Java code, j=interpreted, Vv=VM code, C=native code)
V  [jvm.dll+0x6100fa]
V  [jvm.dll+0x747090]
V  [jvm.dll+0x7486ad]
V  [jvm.dll+0x748d83]
V  [jvm.dll+0x24ab48]
V  [jvm.dll+0x60d164]
V  [jvm.dll+0x601e75]
V  [jvm.dll+0x308bdb]
V  [jvm.dll+0x308b4a]
V  [jvm.dll+0x308a22]
V  [jvm.dll+0x30d986]
V  [jvm.dll+0x357093]
V  [jvm.dll+0x357796]
V  [jvm.dll+0x357193]
V  [jvm.dll+0x2e3448]
V  [jvm.dll+0x2e45f7]
V  [jvm.dll+0x7242e7]
V  [jvm.dll+0x725adc]
V  [jvm.dll+0x364629]
V  [jvm.dll+0x707cee]
V  [jvm.dll+0x3d2633]
V  [jvm.dll+0x3d4a21]
C  [jli.dll+0x536b]
C  [ucrtbase.dll+0x21bb2]
C  [KERNEL32.DLL+0x17034]
C  [ntdll.dll+0x526a1]


---------------  P R O C E S S  ---------------

Threads class SMR info:
_java_thread_list=0x00000255fc423f60, length=0, elements={
}

Java Threads: ( => current thread )

Other Threads:
  0x00000255fe671800 GCTaskThread "GC Thread#0" [stack: 0x000000e9b7f00000,0x000000e9b8000000] [id=13500]
  0x00000255fc4ee000 ConcurrentGCThread "G1 Main Marker" [stack: 0x000000e9b8000000,0x000000e9b8100000] [id=8584]
  0x00000255fe69d800 ConcurrentGCThread "G1 Conc#0" [stack: 0x000000e9b8100000,0x000000e9b8200000] [id=14184]

[error occurred during error reporting (printing all threads), id 0xc0000005, EXCEPTION_ACCESS_VIOLATION (0xc0000005) at pc=0x00007ffdcb0f3dd7]

VM state:not at safepoint (not fully initialized)

VM Mutex/Monitor currently owned by a thread:  ([mutex/lock_event])
[0x00000255fe654cc0] Heap_lock - owner thread: 0x00000255fe658800

Heap address: 0x0000000081800000, size: 2024 MB, Compressed Oops mode: Non-zero based: 0x0000000081800000
Narrow klass base: 0x0000000000000000, Narrow klass shift: 0

GC Heap History (0 events):
No events

Deoptimization events (0 events):
No events

Classes redefined (0 events):
No events

Internal exceptions (0 events):
No events

Events (1 events):
Event: 0.103 Loaded shared library C:\Program Files\Android\Android Studio\jre\bin\zip.dll


Dynamic libraries:
0x00007ff649980000 - 0x00007ff64998a000 	C:\Program Files\Android\Android Studio\jre\bin\java.exe
0x00007ffdfee30000 - 0x00007ffdff028000 	C:\Windows\SYSTEM32\ntdll.dll
0x00007ffdfe280000 - 0x00007ffdfe33d000 	C:\Windows\System32\KERNEL32.DLL
0x00007ffdfc9a0000 - 0x00007ffdfcc6e000 	C:\Windows\System32\KERNELBASE.dll
0x00007ffdfc660000 - 0x00007ffdfc760000 	C:\Windows\System32\ucrtbase.dll
0x00007ffdf6210000 - 0x00007ffdf6229000 	C:\Program Files\Android\Android Studio\jre\bin\jli.dll
0x00007ffdf61f0000 - 0x00007ffdf6207000 	C:\Program Files\Android\Android Studio\jre\bin\VCRUNTIME140.dll
0x00007ffdfd460000 - 0x00007ffdfd600000 	C:\Windows\System32\USER32.dll
0x00007ffdfcd20000 - 0x00007ffdfcd42000 	C:\Windows\System32\win32u.dll
0x00007ffdfdae0000 - 0x00007ffdfdb0a000 	C:\Windows\System32\GDI32.dll
0x00007ffdfc550000 - 0x00007ffdfc65b000 	C:\Windows\System32\gdi32full.dll
0x00007ffdfcdc0000 - 0x00007ffdfce5d000 	C:\Windows\System32\msvcp_win.dll
0x00007ffded510000 - 0x00007ffded7aa000 	C:\Windows\WinSxS\amd64_microsoft.windows.common-controls_6595b64144ccf1df_6.0.19041.1110_none_60b5254171f9507e\COMCTL32.dll
0x00007ffdfe760000 - 0x00007ffdfe7fe000 	C:\Windows\System32\msvcrt.dll
0x00007ffdfd300000 - 0x00007ffdfd330000 	C:\Windows\System32\IMM32.DLL
0x00007ffdddad0000 - 0x00007ffdddb6d000 	C:\Program Files\Android\Android Studio\jre\bin\msvcp140.dll
0x00007ffdcae00000 - 0x00007ffdcb902000 	C:\Program Files\Android\Android Studio\jre\bin\server\jvm.dll
0x00007ffdfe860000 - 0x00007ffdfe90e000 	C:\Windows\System32\ADVAPI32.dll
0x00007ffdfd1f0000 - 0x00007ffdfd28c000 	C:\Windows\System32\sechost.dll
0x00007ffdfcf10000 - 0x00007ffdfd035000 	C:\Windows\System32\RPCRT4.dll
0x00007ffdfda70000 - 0x00007ffdfda78000 	C:\Windows\System32\PSAPI.DLL
0x00007ffddde60000 - 0x00007ffddde69000 	C:\Windows\SYSTEM32\WSOCK32.dll
0x00007ffdf1040000 - 0x00007ffdf1067000 	C:\Windows\SYSTEM32\WINMM.dll
0x00007ffdfed80000 - 0x00007ffdfedeb000 	C:\Windows\System32\WS2_32.dll
0x00007ffdf44a0000 - 0x00007ffdf44aa000 	C:\Windows\SYSTEM32\VERSION.dll
0x00007ffdfa440000 - 0x00007ffdfa452000 	C:\Windows\SYSTEM32\kernel.appcore.dll
0x00007ffdf5cd0000 - 0x00007ffdf5ce1000 	C:\Program Files\Android\Android Studio\jre\bin\verify.dll
0x00007ffdecf90000 - 0x00007ffded174000 	C:\Windows\SYSTEM32\DBGHELP.DLL
0x00007ffdeccd0000 - 0x00007ffdeccfc000 	C:\Windows\SYSTEM32\dbgcore.DLL
0x00007ffdfc760000 - 0x00007ffdfc7e2000 	C:\Windows\System32\bcryptPrimitives.dll
0x00007ffdf5ca0000 - 0x00007ffdf5cc9000 	C:\Program Files\Android\Android Studio\jre\bin\java.dll
0x00007ffdf77d0000 - 0x00007ffdf77db000 	C:\Program Files\Android\Android Studio\jre\bin\jimage.dll
0x00007ffdf78b0000 - 0x00007ffdf78bf000 	C:\Program Files\Android\Android Studio\jre\bin\instrument.dll
0x00007ffdf4db0000 - 0x00007ffdf4dc8000 	C:\Program Files\Android\Android Studio\jre\bin\zip.dll

dbghelp: loaded successfully - version: 4.0.5 - missing functions: none
symbol engine: initialized successfully - sym options: 0x614 - pdb path: .;C:\Program Files\Android\Android Studio\jre\bin;C:\Windows\SYSTEM32;C:\Windows\WinSxS\amd64_microsoft.windows.common-controls_6595b64144ccf1df_6.0.19041.1110_none_60b5254171f9507e;C:\Program Files\Android\Android Studio\jre\bin\server

VM Arguments:
jvm_args: -javaagent:C:\Program Files\Android\Android Studio\lib\idea_rt.jar=10459:C:\Program Files\Android\Android Studio\bin -Dfile.encoding=UTF-8 
java_command: com.example.kotlincoroutines.chapter5.CoroutineContextDemoKt
java_class_path (initial): C:\Users\Haytham\AppData\Local\Android\Sdk\platforms\android-32\android.jar;C:\Users\Haytham\AppData\Local\Android\Sdk\platforms\android-32\data\res;D:\FWD_Udacity\kotlinCoroutines\app\build\intermediates\javac\debug\classes;D:\FWD_Udacity\kotlinCoroutines\app\build\tmp\kotlin-classes\debug;D:\FWD_Udacity\kotlinCoroutines\app\build\intermediates\compile_and_runtime_not_namespaced_r_class_jar\debug\R.jar;D:\FWD_Udacity\kotlinCoroutines\app\build\generated\res\resValues\debug;C:\Users\Haytham\.gradle\caches\modules-2\files-2.1\org.jetbrains.kotlin\kotlin-stdlib-jdk8\1.7.10\d70d7d2c56371f7aa18f32e984e3e2e998fe9081\kotlin-stdlib-jdk8-1.7.10.jar;C:\Users\Haytham\.gradle\caches\modules-2\files-2.1\org.jetbrains.kotlin\kotlin-stdlib\1.7.10\d2abf9e77736acc4450dc4a3f707fa2c10f5099d\kotlin-stdlib-1.7.10.jar;C:\Users\Haytham\.gradle\caches\modules-2\files-2.1\org.jetbrains.kotlin\kotlin-stdlib-common\1.7.10\bac80c520d0a9e3f3673bc2658c6ed02ef45a76a\kotlin-stdlib-common-1.7.10.jar;C:\Users\Haytham\.gradle\caches\modules-2\files-2.1\org.jetbrains\annotations\13.0\919f0dfe192fb4e063e7dacadee7f8bb9a2672a9\annotations-13.0.jar;C:\Users\Haytham\.gradle\caches\modules-2\files-2.1\org.jetbrains.kotlin\kotlin-stdlib-jdk7\1.7.10\1ef73fee66f45d52c67e2aca12fd945dbe0659bf\kotlin-stdlib-jdk7-1.7.10.jar;C:\Users\Haytham\.gradle\caches\modules-2\files-2.1\androidx.annotation\annotation\1.3.0\21f49f5f9b85fc49de712539f79123119740595\annotation-1.3.0.jar;C:\Users\Haytham\.gradle\caches\modules-2\files-2.1\androidx.arch.core\core-common\2.1.0\b3152fc64428c9354344bd89848ecddc09b6f07e\core-common-2.1.0.jar;C:\Users\Haytham\.gradle\caches\modules-2\files-2.1\androidx.lifecycle\lifecycle-common\2.5.1\1fdb7349701e9cf2f0a69fc10642b6fef6bb3e12\lifecycle-common-2.5.1.jar;C:\Users\Haytham\.gradle\caches\modules-2\files-2.1\androidx.collection\collection\1.1.0\1f27220b47669781457de0d600849a5de0e89909\collection-1.1.0.jar;C:\Users\Haytham\.gradle\caches\modules-2\files-2.1\org.je
Launcher Type: SUN_STANDARD

[Global flags]
     intx CICompilerCount                          = 3                                         {product} {ergonomic}
     uint ConcGCThreads                            = 1                                         {product} {ergonomic}
     uint G1ConcRefinementThreads                  = 4                                         {product} {ergonomic}
   size_t G1HeapRegionSize                         = 1048576                                   {product} {ergonomic}
    uintx GCDrainStackTargetSize                   = 64                                        {product} {ergonomic}
   size_t InitialHeapSize                          = 134217728                                 {product} {ergonomic}
   size_t MarkStackSize                            = 4194304                                   {product} {ergonomic}
   size_t MaxHeapSize                              = 2122317824                                {product} {ergonomic}
   size_t MinHeapDeltaBytes                        = 1048576                                   {product} {ergonomic}
    uintx NonNMethodCodeHeapSize                   = 5830732                                {pd product} {ergonomic}
    uintx NonProfiledCodeHeapSize                  = 122913754                              {pd product} {ergonomic}
    uintx ProfiledCodeHeapSize                     = 122913754                              {pd product} {ergonomic}
    uintx ReservedCodeCacheSize                    = 251658240                              {pd product} {ergonomic}
     bool SegmentedCodeCache                       = true                                      {product} {ergonomic}
     bool UseCompressedClassPointers               = true                                 {lp64_product} {ergonomic}
     bool UseCompressedOops                        = true                                 {lp64_product} {ergonomic}
     bool UseG1GC                                  = true                                      {product} {ergonomic}
     bool UseLargePagesIndividualAllocation        = false                                  {pd product} {ergonomic}

Logging:
Log output configuration:
 #0: stdout all=warning uptime,level,tags
 #1: stderr all=off uptime,level,tags

Environment Variables:
PATH=C:\Program Files\Java\jdk1.8.0_171\bin;C:\Program Files (x86)\Common Files\Oracle\Java\javapath;C:\Windows\system32;C:\Windows;C:\Windows\System32\Wbem;C:\Windows\System32\WindowsPowerShell\v1.0\;C:\Windows\System32\OpenSSH\;C:\Program Files\NVIDIA Corporation\NVIDIA NvDLISR;C:\Program Files\Git\cmd;C:\Users\Haytham\AppData\Local\Microsoft\WindowsApps;C:\Users\Haytham\AppData\Local\Programs\Microsoft VS Code\bin;C:\Program Files (x86)\Nmap;C:\Users\Haytham\OneDrive\Desktop\IntelliJ IDEA 2021.3\bin;;C:\Users\Haytham\AppData\Local\GitHubDesktop\bin;D:\fluttersetup\flutter\bin;
USERNAME=Haytham
OS=Windows_NT
PROCESSOR_IDENTIFIER=Intel64 Family 6 Model 142 Stepping 9, GenuineIntel



---------------  S Y S T E M  ---------------

OS: Windows 10 , 64 bit Build 19041 (10.0.19041.1889)
OS uptime: 3 days 1:03 hours

CPU:total 4 (initial active 4) (2 cores per cpu, 2 threads per core) family 6 model 142 stepping 9 microcode 0xb4, cmov, cx8, fxsr, mmx, sse, sse2, sse3, ssse3, sse4.1, sse4.2, popcnt, avx, avx2, aes, clmul, erms, 3dnowpref, lzcnt, ht, tsc, tscinvbit, bmi1, bmi2, adx, fma

Memory: 4k page, system-wide physical 8092M (1072M free)
TotalPageFile size 27222M (AvailPageFile size 127M)
current process WorkingSet (physical memory assigned to process): 10M, peak: 10M
current process commit charge ("private bytes"): 51M, peak: 179M

vm_info: OpenJDK 64-Bit Server VM (11.0.13+0-b1751.21-8125866) for windows-amd64 JRE (11.0.13+0-b1751.21-8125866), built on Feb  2 2022 03:00:22 by "builder" with MS VC++ 14.0 (VS2015)

END.
